CRITICAL - 2023-07-07 12:14:23 --> Invalid file: "home.php"
in SYSTEMPATH\Exceptions\FrameworkException.php on line 33.
 1 SYSTEMPATH\View\View.php(201): CodeIgniter\Exceptions\FrameworkException::forInvalidFile('home.php')
 2 SYSTEMPATH\Common.php(1184): CodeIgniter\View\View->render('home', [], true)
 3 APPPATH\Controllers\Home.php(27): view('home', [...])
 4 SYSTEMPATH\CodeIgniter.php(934): App\Controllers\Home->index()
 5 SYSTEMPATH\CodeIgniter.php(499): CodeIgniter\CodeIgniter->runController(Object(App\Controllers\Home))
 6 SYSTEMPATH\CodeIgniter.php(368): CodeIgniter\CodeIgniter->handleRequest(null, Object(Config\Cache), false)
 7 FCPATH\index.php(67): CodeIgniter\CodeIgniter->run()
 8 SYSTEMPATH\Commands\Server\rewrite.php(47): require_once('C:\\xampp\\htdocs\\CodeIgniter4-4.3.5\\Kuza_Project\\public\\index.php')
CRITICAL - 2023-07-07 12:16:46 --> Invalid file: "home.php"
in SYSTEMPATH\Exceptions\FrameworkException.php on line 33.
 1 SYSTEMPATH\View\View.php(201): CodeIgniter\Exceptions\FrameworkException::forInvalidFile('home.php')
 2 SYSTEMPATH\Common.php(1184): CodeIgniter\View\View->render('home', [], true)
 3 APPPATH\Controllers\Home.php(27): view('home', [...])
 4 SYSTEMPATH\CodeIgniter.php(934): App\Controllers\Home->index()
 5 SYSTEMPATH\CodeIgniter.php(499): CodeIgniter\CodeIgniter->runController(Object(App\Controllers\Home))
 6 SYSTEMPATH\CodeIgniter.php(368): CodeIgniter\CodeIgniter->handleRequest(null, Object(Config\Cache), false)
 7 FCPATH\index.php(67): CodeIgniter\CodeIgniter->run()
 8 SYSTEMPATH\Commands\Server\rewrite.php(47): require_once('C:\\xampp\\htdocs\\CodeIgniter4-4.3.5\\Kuza_Project\\public\\index.php')
INFO - 2023-07-07 12:18:53 --> Session: Class initialized using 'CodeIgniter\Session\Handlers\FileHandler' driver.
CRITICAL - 2023-07-07 12:19:09 --> syntax error, unexpected token "if", expecting "function" or "const"
in SYSTEMPATH\Database\MySQLi\Connection.php on line 295.
 1 SYSTEMPATH\Autoloader\Autoloader.php(289): CodeIgniter\Autoloader\Autoloader->includeFile('C:\\xampp\\htdocs\\CodeIgniter4-4.3.5\\Kuza_Project\\system\\Database\\MySQLi\\Connection.php')
 2 SYSTEMPATH\Autoloader\Autoloader.php(267): CodeIgniter\Autoloader\Autoloader->loadInNamespace('CodeIgniter\\Database\\MySQLi\\Connection')
 3 SYSTEMPATH\Database\Database.php(139): CodeIgniter\Autoloader\Autoloader->loadClass('CodeIgniter\\Database\\MySQLi\\Connection')
 4 SYSTEMPATH\Database\Database.php(56): CodeIgniter\Database\Database->initDriver('MySQLi', 'CodeIgniter\\Database\\MySQLi\\Connection', [...])
 5 SYSTEMPATH\Database\Config.php(82): CodeIgniter\Database\Database->load([...], 'default')
 6 SYSTEMPATH\Validation\StrictRules\Rules.php(193): CodeIgniter\Database\Config::connect('default')
 7 SYSTEMPATH\Validation\Validation.php(321): CodeIgniter\Validation\StrictRules\Rules->is_unique('salim23@gmail.com', 'email', [...], null, 'email')
 8 SYSTEMPATH\Validation\Validation.php(179): CodeIgniter\Validation\Validation->processRules('email', 'email', 'salim23@gmail.com', [...], [...])
 9 SYSTEMPATH\Controller.php(140): CodeIgniter\Validation\Validation->run()
10 APPPATH\Controllers\Auth.php(28): CodeIgniter\Controller->validate([...])
11 SYSTEMPATH\CodeIgniter.php(934): App\Controllers\Auth->save()
12 SYSTEMPATH\CodeIgniter.php(499): CodeIgniter\CodeIgniter->runController(Object(App\Controllers\Auth))
13 SYSTEMPATH\CodeIgniter.php(368): CodeIgniter\CodeIgniter->handleRequest(null, Object(Config\Cache), false)
14 FCPATH\index.php(67): CodeIgniter\CodeIgniter->run()
15 SYSTEMPATH\Commands\Server\rewrite.php(47): require_once('C:\\xampp\\htdocs\\CodeIgniter4-4.3.5\\Kuza_Project\\public\\index.php')
CRITICAL - 2023-07-07 12:34:04 --> syntax error, unexpected token "try", expecting "function" or "const"
in SYSTEMPATH\Database\MySQLi\Connection.php on line 300.
 1 SYSTEMPATH\Autoloader\Autoloader.php(289): CodeIgniter\Autoloader\Autoloader->includeFile('C:\\xampp\\htdocs\\CodeIgniter4-4.3.5\\Kuza_Project\\system\\Database\\MySQLi\\Connection.php')
 2 SYSTEMPATH\Autoloader\Autoloader.php(267): CodeIgniter\Autoloader\Autoloader->loadInNamespace('CodeIgniter\\Database\\MySQLi\\Connection')
 3 SYSTEMPATH\Database\Database.php(139): CodeIgniter\Autoloader\Autoloader->loadClass('CodeIgniter\\Database\\MySQLi\\Connection')
 4 SYSTEMPATH\Database\Database.php(56): CodeIgniter\Database\Database->initDriver('MySQLi', 'CodeIgniter\\Database\\MySQLi\\Connection', [...])
 5 SYSTEMPATH\Database\Config.php(82): CodeIgniter\Database\Database->load([...], 'default')
 6 SYSTEMPATH\Validation\StrictRules\Rules.php(193): CodeIgniter\Database\Config::connect('default')
 7 SYSTEMPATH\Validation\Validation.php(321): CodeIgniter\Validation\StrictRules\Rules->is_unique('salim23@gmail.com', 'email', [...], null, 'email')
 8 SYSTEMPATH\Validation\Validation.php(179): CodeIgniter\Validation\Validation->processRules('email', 'email', 'salim23@gmail.com', [...], [...])
 9 SYSTEMPATH\Controller.php(140): CodeIgniter\Validation\Validation->run()
10 APPPATH\Controllers\Auth.php(28): CodeIgniter\Controller->validate([...])
11 SYSTEMPATH\CodeIgniter.php(934): App\Controllers\Auth->save()
12 SYSTEMPATH\CodeIgniter.php(499): CodeIgniter\CodeIgniter->runController(Object(App\Controllers\Auth))
13 SYSTEMPATH\CodeIgniter.php(368): CodeIgniter\CodeIgniter->handleRequest(null, Object(Config\Cache), false)
14 FCPATH\index.php(67): CodeIgniter\CodeIgniter->run()
15 SYSTEMPATH\Commands\Server\rewrite.php(47): require_once('C:\\xampp\\htdocs\\CodeIgniter4-4.3.5\\Kuza_Project\\public\\index.php')
CRITICAL - 2023-07-07 12:35:29 --> syntax error, unexpected token "try", expecting "function" or "const"
in SYSTEMPATH\Database\MySQLi\Connection.php on line 301.
 1 SYSTEMPATH\Autoloader\Autoloader.php(289): CodeIgniter\Autoloader\Autoloader->includeFile('C:\\xampp\\htdocs\\CodeIgniter4-4.3.5\\Kuza_Project\\system\\Database\\MySQLi\\Connection.php')
 2 SYSTEMPATH\Autoloader\Autoloader.php(267): CodeIgniter\Autoloader\Autoloader->loadInNamespace('CodeIgniter\\Database\\MySQLi\\Connection')
 3 SYSTEMPATH\Database\Database.php(139): CodeIgniter\Autoloader\Autoloader->loadClass('CodeIgniter\\Database\\MySQLi\\Connection')
 4 SYSTEMPATH\Database\Database.php(56): CodeIgniter\Database\Database->initDriver('MySQLi', 'CodeIgniter\\Database\\MySQLi\\Connection', [...])
 5 SYSTEMPATH\Database\Config.php(82): CodeIgniter\Database\Database->load([...], 'default')
 6 SYSTEMPATH\Validation\StrictRules\Rules.php(193): CodeIgniter\Database\Config::connect('default')
 7 SYSTEMPATH\Validation\Validation.php(321): CodeIgniter\Validation\StrictRules\Rules->is_unique('salim23@gmail.com', 'email', [...], null, 'email')
 8 SYSTEMPATH\Validation\Validation.php(179): CodeIgniter\Validation\Validation->processRules('email', 'email', 'salim23@gmail.com', [...], [...])
 9 SYSTEMPATH\Controller.php(140): CodeIgniter\Validation\Validation->run()
10 APPPATH\Controllers\Auth.php(28): CodeIgniter\Controller->validate([...])
11 SYSTEMPATH\CodeIgniter.php(934): App\Controllers\Auth->save()
12 SYSTEMPATH\CodeIgniter.php(499): CodeIgniter\CodeIgniter->runController(Object(App\Controllers\Auth))
13 SYSTEMPATH\CodeIgniter.php(368): CodeIgniter\CodeIgniter->handleRequest(null, Object(Config\Cache), false)
14 FCPATH\index.php(67): CodeIgniter\CodeIgniter->run()
15 SYSTEMPATH\Commands\Server\rewrite.php(47): require_once('C:\\xampp\\htdocs\\CodeIgniter4-4.3.5\\Kuza_Project\\public\\index.php')
CRITICAL - 2023-07-07 12:37:20 --> syntax error, unexpected token "try", expecting "function" or "const"
in SYSTEMPATH\Database\MySQLi\Connection.php on line 301.
 1 SYSTEMPATH\Autoloader\Autoloader.php(289): CodeIgniter\Autoloader\Autoloader->includeFile('C:\\xampp\\htdocs\\CodeIgniter4-4.3.5\\Kuza_Project\\system\\Database\\MySQLi\\Connection.php')
 2 SYSTEMPATH\Autoloader\Autoloader.php(267): CodeIgniter\Autoloader\Autoloader->loadInNamespace('CodeIgniter\\Database\\MySQLi\\Connection')
 3 SYSTEMPATH\Database\Database.php(139): CodeIgniter\Autoloader\Autoloader->loadClass('CodeIgniter\\Database\\MySQLi\\Connection')
 4 SYSTEMPATH\Database\Database.php(56): CodeIgniter\Database\Database->initDriver('MySQLi', 'CodeIgniter\\Database\\MySQLi\\Connection', [...])
 5 SYSTEMPATH\Database\Config.php(82): CodeIgniter\Database\Database->load([...], 'default')
 6 SYSTEMPATH\Validation\StrictRules\Rules.php(193): CodeIgniter\Database\Config::connect('default')
 7 SYSTEMPATH\Validation\Validation.php(321): CodeIgniter\Validation\StrictRules\Rules->is_unique('salim23@gmail.com', 'email', [...], null, 'email')
 8 SYSTEMPATH\Validation\Validation.php(179): CodeIgniter\Validation\Validation->processRules('email', 'email', 'salim23@gmail.com', [...], [...])
 9 SYSTEMPATH\Controller.php(140): CodeIgniter\Validation\Validation->run()
10 APPPATH\Controllers\Auth.php(28): CodeIgniter\Controller->validate([...])
11 SYSTEMPATH\CodeIgniter.php(934): App\Controllers\Auth->save()
12 SYSTEMPATH\CodeIgniter.php(499): CodeIgniter\CodeIgniter->runController(Object(App\Controllers\Auth))
13 SYSTEMPATH\CodeIgniter.php(368): CodeIgniter\CodeIgniter->handleRequest(null, Object(Config\Cache), false)
14 FCPATH\index.php(67): CodeIgniter\CodeIgniter->run()
15 SYSTEMPATH\Commands\Server\rewrite.php(47): require_once('C:\\xampp\\htdocs\\CodeIgniter4-4.3.5\\Kuza_Project\\public\\index.php')
CRITICAL - 2023-07-07 12:39:42 --> syntax error, unexpected token "catch", expecting "function" or "const"
in SYSTEMPATH\Database\MySQLi\Connection.php on line 326.
 1 SYSTEMPATH\Autoloader\Autoloader.php(289): CodeIgniter\Autoloader\Autoloader->includeFile('C:\\xampp\\htdocs\\CodeIgniter4-4.3.5\\Kuza_Project\\system\\Database\\MySQLi\\Connection.php')
 2 SYSTEMPATH\Autoloader\Autoloader.php(267): CodeIgniter\Autoloader\Autoloader->loadInNamespace('CodeIgniter\\Database\\MySQLi\\Connection')
 3 SYSTEMPATH\Database\Database.php(139): CodeIgniter\Autoloader\Autoloader->loadClass('CodeIgniter\\Database\\MySQLi\\Connection')
 4 SYSTEMPATH\Database\Database.php(56): CodeIgniter\Database\Database->initDriver('MySQLi', 'CodeIgniter\\Database\\MySQLi\\Connection', [...])
 5 SYSTEMPATH\Database\Config.php(82): CodeIgniter\Database\Database->load([...], 'default')
 6 SYSTEMPATH\Validation\StrictRules\Rules.php(193): CodeIgniter\Database\Config::connect('default')
 7 SYSTEMPATH\Validation\Validation.php(321): CodeIgniter\Validation\StrictRules\Rules->is_unique('salim23@gmail.com', 'email', [...], null, 'email')
 8 SYSTEMPATH\Validation\Validation.php(179): CodeIgniter\Validation\Validation->processRules('email', 'email', 'salim23@gmail.com', [...], [...])
 9 SYSTEMPATH\Controller.php(140): CodeIgniter\Validation\Validation->run()
10 APPPATH\Controllers\Auth.php(28): CodeIgniter\Controller->validate([...])
11 SYSTEMPATH\CodeIgniter.php(934): App\Controllers\Auth->save()
12 SYSTEMPATH\CodeIgniter.php(499): CodeIgniter\CodeIgniter->runController(Object(App\Controllers\Auth))
13 SYSTEMPATH\CodeIgniter.php(368): CodeIgniter\CodeIgniter->handleRequest(null, Object(Config\Cache), false)
14 FCPATH\index.php(67): CodeIgniter\CodeIgniter->run()
15 SYSTEMPATH\Commands\Server\rewrite.php(47): require_once('C:\\xampp\\htdocs\\CodeIgniter4-4.3.5\\Kuza_Project\\public\\index.php')
CRITICAL - 2023-07-07 12:48:05 --> Unclosed '{' on line 287
in SYSTEMPATH\Database\MySQLi\Connection.php on line 644.
 1 SYSTEMPATH\Autoloader\Autoloader.php(289): CodeIgniter\Autoloader\Autoloader->includeFile('C:\\xampp\\htdocs\\CodeIgniter4-4.3.5\\Kuza_Project\\system\\Database\\MySQLi\\Connection.php')
 2 SYSTEMPATH\Autoloader\Autoloader.php(267): CodeIgniter\Autoloader\Autoloader->loadInNamespace('CodeIgniter\\Database\\MySQLi\\Connection')
 3 SYSTEMPATH\Database\Database.php(139): CodeIgniter\Autoloader\Autoloader->loadClass('CodeIgniter\\Database\\MySQLi\\Connection')
 4 SYSTEMPATH\Database\Database.php(56): CodeIgniter\Database\Database->initDriver('MySQLi', 'CodeIgniter\\Database\\MySQLi\\Connection', [...])
 5 SYSTEMPATH\Database\Config.php(82): CodeIgniter\Database\Database->load([...], 'default')
 6 SYSTEMPATH\Validation\StrictRules\Rules.php(193): CodeIgniter\Database\Config::connect('default')
 7 SYSTEMPATH\Validation\Validation.php(321): CodeIgniter\Validation\StrictRules\Rules->is_unique('salim23@gmail.com', 'email', [...], null, 'email')
 8 SYSTEMPATH\Validation\Validation.php(179): CodeIgniter\Validation\Validation->processRules('email', 'email', 'salim23@gmail.com', [...], [...])
 9 SYSTEMPATH\Controller.php(140): CodeIgniter\Validation\Validation->run()
10 APPPATH\Controllers\Auth.php(28): CodeIgniter\Controller->validate([...])
11 SYSTEMPATH\CodeIgniter.php(934): App\Controllers\Auth->save()
12 SYSTEMPATH\CodeIgniter.php(499): CodeIgniter\CodeIgniter->runController(Object(App\Controllers\Auth))
13 SYSTEMPATH\CodeIgniter.php(368): CodeIgniter\CodeIgniter->handleRequest(null, Object(Config\Cache), false)
14 FCPATH\index.php(67): CodeIgniter\CodeIgniter->run()
15 SYSTEMPATH\Commands\Server\rewrite.php(47): require_once('C:\\xampp\\htdocs\\CodeIgniter4-4.3.5\\Kuza_Project\\public\\index.php')
CRITICAL - 2023-07-07 12:50:28 --> syntax error, unexpected token "if"
in SYSTEMPATH\Database\MySQLi\Connection.php on line 638.
 1 SYSTEMPATH\Autoloader\Autoloader.php(289): CodeIgniter\Autoloader\Autoloader->includeFile('C:\\xampp\\htdocs\\CodeIgniter4-4.3.5\\Kuza_Project\\system\\Database\\MySQLi\\Connection.php')
 2 SYSTEMPATH\Autoloader\Autoloader.php(267): CodeIgniter\Autoloader\Autoloader->loadInNamespace('CodeIgniter\\Database\\MySQLi\\Connection')
 3 SYSTEMPATH\Database\Database.php(139): CodeIgniter\Autoloader\Autoloader->loadClass('CodeIgniter\\Database\\MySQLi\\Connection')
 4 SYSTEMPATH\Database\Database.php(56): CodeIgniter\Database\Database->initDriver('MySQLi', 'CodeIgniter\\Database\\MySQLi\\Connection', [...])
 5 SYSTEMPATH\Database\Config.php(82): CodeIgniter\Database\Database->load([...], 'default')
 6 SYSTEMPATH\Validation\StrictRules\Rules.php(193): CodeIgniter\Database\Config::connect('default')
 7 SYSTEMPATH\Validation\Validation.php(321): CodeIgniter\Validation\StrictRules\Rules->is_unique('salim23@gmail.com', 'email', [...], null, 'email')
 8 SYSTEMPATH\Validation\Validation.php(179): CodeIgniter\Validation\Validation->processRules('email', 'email', 'salim23@gmail.com', [...], [...])
 9 SYSTEMPATH\Controller.php(140): CodeIgniter\Validation\Validation->run()
10 APPPATH\Controllers\Auth.php(28): CodeIgniter\Controller->validate([...])
11 SYSTEMPATH\CodeIgniter.php(934): App\Controllers\Auth->save()
12 SYSTEMPATH\CodeIgniter.php(499): CodeIgniter\CodeIgniter->runController(Object(App\Controllers\Auth))
13 SYSTEMPATH\CodeIgniter.php(368): CodeIgniter\CodeIgniter->handleRequest(null, Object(Config\Cache), false)
14 FCPATH\index.php(67): CodeIgniter\CodeIgniter->run()
15 SYSTEMPATH\Commands\Server\rewrite.php(47): require_once('C:\\xampp\\htdocs\\CodeIgniter4-4.3.5\\Kuza_Project\\public\\index.php')
CRITICAL - 2023-07-07 12:55:30 --> Class CodeIgniter\Database\MySQLi\Connection contains 11 abstract methods and must therefore be declared abstract or implement the remaining methods (CodeIgniter\Database\BaseConnection::_transBegin, CodeIgniter\Database\BaseConnection::_transCommit, CodeIgniter\Database\BaseConnection::_transRollback, ...)
in SYSTEMPATH\Database\MySQLi\Connection.php on line 28.
 1 [internal function]: CodeIgniter\Debug\Exceptions->shutdownHandler()
CRITICAL - 2023-07-07 12:59:11 --> Class CodeIgniter\Database\MySQLi\Connection contains 11 abstract methods and must therefore be declared abstract or implement the remaining methods (CodeIgniter\Database\BaseConnection::_transBegin, CodeIgniter\Database\BaseConnection::_transCommit, CodeIgniter\Database\BaseConnection::_transRollback, ...)
in SYSTEMPATH\Database\MySQLi\Connection.php on line 28.
 1 [internal function]: CodeIgniter\Debug\Exceptions->shutdownHandler()
INFO - 2023-07-07 13:00:13 --> Session: Class initialized using 'CodeIgniter\Session\Handlers\FileHandler' driver.
CRITICAL - 2023-07-07 13:00:45 --> Class CodeIgniter\Database\MySQLi\Connection contains 11 abstract methods and must therefore be declared abstract or implement the remaining methods (CodeIgniter\Database\BaseConnection::_transBegin, CodeIgniter\Database\BaseConnection::_transCommit, CodeIgniter\Database\BaseConnection::_transRollback, ...)
in SYSTEMPATH\Database\MySQLi\Connection.php on line 28.
 1 [internal function]: CodeIgniter\Debug\Exceptions->shutdownHandler()
INFO - 2023-07-07 13:03:34 --> Session: Class initialized using 'CodeIgniter\Session\Handlers\FileHandler' driver.
CRITICAL - 2023-07-07 13:03:47 --> Class CodeIgniter\Database\MySQLi\Connection contains 11 abstract methods and must therefore be declared abstract or implement the remaining methods (CodeIgniter\Database\BaseConnection::_transBegin, CodeIgniter\Database\BaseConnection::_transCommit, CodeIgniter\Database\BaseConnection::_transRollback, ...)
in SYSTEMPATH\Database\MySQLi\Connection.php on line 28.
 1 [internal function]: CodeIgniter\Debug\Exceptions->shutdownHandler()
INFO - 2023-07-07 13:04:06 --> Session: Class initialized using 'CodeIgniter\Session\Handlers\FileHandler' driver.
CRITICAL - 2023-07-07 13:07:45 --> Class CodeIgniter\Database\MySQLi\Connection contains 11 abstract methods and must therefore be declared abstract or implement the remaining methods (CodeIgniter\Database\BaseConnection::_transBegin, CodeIgniter\Database\BaseConnection::_transCommit, CodeIgniter\Database\BaseConnection::_transRollback, ...)
in SYSTEMPATH\Database\MySQLi\Connection.php on line 28.
 1 [internal function]: CodeIgniter\Debug\Exceptions->shutdownHandler()
CRITICAL - 2023-07-07 13:24:04 --> Invalid file: "home.php"
in SYSTEMPATH\Exceptions\FrameworkException.php on line 33.
 1 SYSTEMPATH\View\View.php(201): CodeIgniter\Exceptions\FrameworkException::forInvalidFile('home.php')
 2 SYSTEMPATH\Common.php(1184): CodeIgniter\View\View->render('home', [], true)
 3 APPPATH\Controllers\Home.php(27): view('home', [...])
 4 SYSTEMPATH\CodeIgniter.php(934): App\Controllers\Home->index()
 5 SYSTEMPATH\CodeIgniter.php(499): CodeIgniter\CodeIgniter->runController(Object(App\Controllers\Home))
 6 SYSTEMPATH\CodeIgniter.php(368): CodeIgniter\CodeIgniter->handleRequest(null, Object(Config\Cache), false)
 7 FCPATH\index.php(67): CodeIgniter\CodeIgniter->run()
 8 SYSTEMPATH\Commands\Server\rewrite.php(47): require_once('C:\\xampp\\htdocs\\CodeIgniter4-4.3.5\\Kuza_Project\\public\\index.php')
CRITICAL - 2023-07-07 15:20:52 --> Invalid file: "home.php"
in SYSTEMPATH\Exceptions\FrameworkException.php on line 33.
 1 SYSTEMPATH\View\View.php(201): CodeIgniter\Exceptions\FrameworkException::forInvalidFile('home.php')
 2 SYSTEMPATH\Common.php(1184): CodeIgniter\View\View->render('home', [], true)
 3 APPPATH\Controllers\Home.php(27): view('home', [...])
 4 SYSTEMPATH\CodeIgniter.php(934): App\Controllers\Home->index()
 5 SYSTEMPATH\CodeIgniter.php(499): CodeIgniter\CodeIgniter->runController(Object(App\Controllers\Home))
 6 SYSTEMPATH\CodeIgniter.php(368): CodeIgniter\CodeIgniter->handleRequest(null, Object(Config\Cache), false)
 7 FCPATH\index.php(67): CodeIgniter\CodeIgniter->run()
 8 SYSTEMPATH\Commands\Server\rewrite.php(47): require_once('C:\\xampp\\htdocs\\CodeIgniter4-4.3.5\\Kuza_Project\\public\\index.php')
CRITICAL - 2023-07-07 15:23:47 --> Invalid file: "home.php"
in SYSTEMPATH\Exceptions\FrameworkException.php on line 33.
 1 SYSTEMPATH\View\View.php(201): CodeIgniter\Exceptions\FrameworkException::forInvalidFile('home.php')
 2 SYSTEMPATH\Common.php(1184): CodeIgniter\View\View->render('home', [], true)
 3 APPPATH\Controllers\Home.php(27): view('home', [...])
 4 SYSTEMPATH\CodeIgniter.php(934): App\Controllers\Home->index()
 5 SYSTEMPATH\CodeIgniter.php(499): CodeIgniter\CodeIgniter->runController(Object(App\Controllers\Home))
 6 SYSTEMPATH\CodeIgniter.php(368): CodeIgniter\CodeIgniter->handleRequest(null, Object(Config\Cache), false)
 7 FCPATH\index.php(67): CodeIgniter\CodeIgniter->run()
 8 SYSTEMPATH\Commands\Server\rewrite.php(47): require_once('C:\\xampp\\htdocs\\CodeIgniter4-4.3.5\\Kuza_Project\\public\\index.php')
CRITICAL - 2023-07-07 15:24:01 --> Invalid file: "home.php"
in SYSTEMPATH\Exceptions\FrameworkException.php on line 33.
 1 SYSTEMPATH\View\View.php(201): CodeIgniter\Exceptions\FrameworkException::forInvalidFile('home.php')
 2 SYSTEMPATH\Common.php(1184): CodeIgniter\View\View->render('home', [], true)
 3 APPPATH\Controllers\Home.php(27): view('home', [...])
 4 SYSTEMPATH\CodeIgniter.php(934): App\Controllers\Home->index()
 5 SYSTEMPATH\CodeIgniter.php(499): CodeIgniter\CodeIgniter->runController(Object(App\Controllers\Home))
 6 SYSTEMPATH\CodeIgniter.php(368): CodeIgniter\CodeIgniter->handleRequest(null, Object(Config\Cache), false)
 7 FCPATH\index.php(67): CodeIgniter\CodeIgniter->run()
 8 SYSTEMPATH\Commands\Server\rewrite.php(47): require_once('C:\\xampp\\htdocs\\CodeIgniter4-4.3.5\\Kuza_Project\\public\\index.php')
CRITICAL - 2023-07-07 16:04:57 --> Invalid file: "home.php"
in SYSTEMPATH\Exceptions\FrameworkException.php on line 33.
 1 SYSTEMPATH\View\View.php(201): CodeIgniter\Exceptions\FrameworkException::forInvalidFile('home.php')
 2 SYSTEMPATH\Common.php(1184): CodeIgniter\View\View->render('home', [], true)
 3 APPPATH\Controllers\Home.php(27): view('home', [...])
 4 SYSTEMPATH\CodeIgniter.php(934): App\Controllers\Home->index()
 5 SYSTEMPATH\CodeIgniter.php(499): CodeIgniter\CodeIgniter->runController(Object(App\Controllers\Home))
 6 SYSTEMPATH\CodeIgniter.php(368): CodeIgniter\CodeIgniter->handleRequest(null, Object(Config\Cache), false)
 7 FCPATH\index.php(67): CodeIgniter\CodeIgniter->run()
 8 SYSTEMPATH\Commands\Server\rewrite.php(47): require_once('C:\\xampp\\htdocs\\CodeIgniter4-4.3.5\\Kuza_Project\\public\\index.php')
CRITICAL - 2023-07-07 16:07:51 --> Invalid file: "home.php"
in SYSTEMPATH\Exceptions\FrameworkException.php on line 33.
 1 SYSTEMPATH\View\View.php(201): CodeIgniter\Exceptions\FrameworkException::forInvalidFile('home.php')
 2 SYSTEMPATH\Common.php(1184): CodeIgniter\View\View->render('home', [], true)
 3 APPPATH\Controllers\Home.php(27): view('home', [...])
 4 SYSTEMPATH\CodeIgniter.php(934): App\Controllers\Home->index()
 5 SYSTEMPATH\CodeIgniter.php(499): CodeIgniter\CodeIgniter->runController(Object(App\Controllers\Home))
 6 SYSTEMPATH\CodeIgniter.php(368): CodeIgniter\CodeIgniter->handleRequest(null, Object(Config\Cache), false)
 7 FCPATH\index.php(67): CodeIgniter\CodeIgniter->run()
 8 SYSTEMPATH\Commands\Server\rewrite.php(47): require_once('C:\\xampp\\htdocs\\CodeIgniter4-4.3.5\\Kuza_Project\\public\\index.php')
CRITICAL - 2023-07-07 16:13:06 --> Invalid file: "home.php"
in SYSTEMPATH\Exceptions\FrameworkException.php on line 33.
 1 SYSTEMPATH\View\View.php(201): CodeIgniter\Exceptions\FrameworkException::forInvalidFile('home.php')
 2 SYSTEMPATH\Common.php(1184): CodeIgniter\View\View->render('home', [], true)
 3 APPPATH\Controllers\Home.php(27): view('home', [...])
 4 SYSTEMPATH\CodeIgniter.php(934): App\Controllers\Home->index()
 5 SYSTEMPATH\CodeIgniter.php(499): CodeIgniter\CodeIgniter->runController(Object(App\Controllers\Home))
 6 SYSTEMPATH\CodeIgniter.php(368): CodeIgniter\CodeIgniter->handleRequest(null, Object(Config\Cache), false)
 7 FCPATH\index.php(67): CodeIgniter\CodeIgniter->run()
 8 SYSTEMPATH\Commands\Server\rewrite.php(47): require_once('C:\\xampp\\htdocs\\CodeIgniter4-4.3.5\\Kuza_Project\\public\\index.php')
CRITICAL - 2023-07-07 16:15:52 --> Invalid file: "home.php"
in SYSTEMPATH\Exceptions\FrameworkException.php on line 38.
 1 SYSTEMPATH\View\View.php(201): CodeIgniter\Exceptions\FrameworkException::forInvalidFile('home.php')
 2 SYSTEMPATH\Common.php(1184): CodeIgniter\View\View->render('home', [], true)
 3 APPPATH\Controllers\Home.php(27): view('home', [...])
 4 SYSTEMPATH\CodeIgniter.php(934): App\Controllers\Home->index()
 5 SYSTEMPATH\CodeIgniter.php(499): CodeIgniter\CodeIgniter->runController(Object(App\Controllers\Home))
 6 SYSTEMPATH\CodeIgniter.php(368): CodeIgniter\CodeIgniter->handleRequest(null, Object(Config\Cache), false)
 7 FCPATH\index.php(67): CodeIgniter\CodeIgniter->run()
 8 SYSTEMPATH\Commands\Server\rewrite.php(47): require_once('C:\\xampp\\htdocs\\CodeIgniter4-4.3.5\\Kuza_Project\\public\\index.php')
CRITICAL - 2023-07-07 16:15:56 --> Invalid file: "home.php"
in SYSTEMPATH\Exceptions\FrameworkException.php on line 38.
 1 SYSTEMPATH\View\View.php(201): CodeIgniter\Exceptions\FrameworkException::forInvalidFile('home.php')
 2 SYSTEMPATH\Common.php(1184): CodeIgniter\View\View->render('home', [], true)
 3 APPPATH\Controllers\Home.php(27): view('home', [...])
 4 SYSTEMPATH\CodeIgniter.php(934): App\Controllers\Home->index()
 5 SYSTEMPATH\CodeIgniter.php(499): CodeIgniter\CodeIgniter->runController(Object(App\Controllers\Home))
 6 SYSTEMPATH\CodeIgniter.php(368): CodeIgniter\CodeIgniter->handleRequest(null, Object(Config\Cache), false)
 7 FCPATH\index.php(67): CodeIgniter\CodeIgniter->run()
 8 SYSTEMPATH\Commands\Server\rewrite.php(47): require_once('C:\\xampp\\htdocs\\CodeIgniter4-4.3.5\\Kuza_Project\\public\\index.php')
CRITICAL - 2023-07-07 16:17:22 --> Class CodeIgniter\Database\MySQLi\Connection contains 11 abstract methods and must therefore be declared abstract or implement the remaining methods (CodeIgniter\Database\BaseConnection::_transBegin, CodeIgniter\Database\BaseConnection::_transCommit, CodeIgniter\Database\BaseConnection::_transRollback, ...)
in SYSTEMPATH\Database\MySQLi\Connection.php on line 28.
 1 [internal function]: CodeIgniter\Debug\Exceptions->shutdownHandler()
CRITICAL - 2023-07-07 16:17:28 --> Invalid file: "home.php"
in SYSTEMPATH\Exceptions\FrameworkException.php on line 38.
 1 SYSTEMPATH\View\View.php(201): CodeIgniter\Exceptions\FrameworkException::forInvalidFile('home.php')
 2 SYSTEMPATH\Common.php(1184): CodeIgniter\View\View->render('home', [], true)
 3 APPPATH\Controllers\Home.php(27): view('home', [...])
 4 SYSTEMPATH\CodeIgniter.php(934): App\Controllers\Home->index()
 5 SYSTEMPATH\CodeIgniter.php(499): CodeIgniter\CodeIgniter->runController(Object(App\Controllers\Home))
 6 SYSTEMPATH\CodeIgniter.php(368): CodeIgniter\CodeIgniter->handleRequest(null, Object(Config\Cache), false)
 7 FCPATH\index.php(67): CodeIgniter\CodeIgniter->run()
 8 SYSTEMPATH\Commands\Server\rewrite.php(47): require_once('C:\\xampp\\htdocs\\CodeIgniter4-4.3.5\\Kuza_Project\\public\\index.php')
CRITICAL - 2023-07-07 16:24:06 --> Invalid file: "home.php"
in SYSTEMPATH\Exceptions\FrameworkException.php on line 38.
 1 SYSTEMPATH\View\View.php(201): CodeIgniter\Exceptions\FrameworkException::forInvalidFile('home.php')
 2 SYSTEMPATH\Common.php(1184): CodeIgniter\View\View->render('home', [], true)
 3 APPPATH\Controllers\Home.php(27): view('home', [...])
 4 SYSTEMPATH\CodeIgniter.php(934): App\Controllers\Home->index()
 5 SYSTEMPATH\CodeIgniter.php(499): CodeIgniter\CodeIgniter->runController(Object(App\Controllers\Home))
 6 SYSTEMPATH\CodeIgniter.php(368): CodeIgniter\CodeIgniter->handleRequest(null, Object(Config\Cache), false)
 7 FCPATH\index.php(67): CodeIgniter\CodeIgniter->run()
 8 SYSTEMPATH\Commands\Server\rewrite.php(47): require_once('C:\\xampp\\htdocs\\CodeIgniter4-4.3.5\\Kuza_Project\\public\\index.php')
CRITICAL - 2023-07-07 18:44:23 --> Invalid file: "home.php"
in SYSTEMPATH\Exceptions\FrameworkException.php on line 38.
 1 SYSTEMPATH\View\View.php(201): CodeIgniter\Exceptions\FrameworkException::forInvalidFile('home.php')
 2 SYSTEMPATH\Common.php(1184): CodeIgniter\View\View->render('home', [], true)
 3 APPPATH\Controllers\Home.php(27): view('home', [...])
 4 SYSTEMPATH\CodeIgniter.php(934): App\Controllers\Home->index()
 5 SYSTEMPATH\CodeIgniter.php(499): CodeIgniter\CodeIgniter->runController(Object(App\Controllers\Home))
 6 SYSTEMPATH\CodeIgniter.php(368): CodeIgniter\CodeIgniter->handleRequest(null, Object(Config\Cache), false)
 7 FCPATH\index.php(67): CodeIgniter\CodeIgniter->run()
 8 SYSTEMPATH\Commands\Server\rewrite.php(47): require_once('C:\\xampp\\htdocs\\CodeIgniter4-4.3.5\\Kuza_Project\\public\\index.php')
INFO - 2023-07-07 18:50:03 --> Session: Class initialized using 'CodeIgniter\Session\Handlers\FileHandler' driver.
CRITICAL - 2023-07-07 19:15:19 --> Invalid file: "home.php"
in SYSTEMPATH\Exceptions\FrameworkException.php on line 38.
 1 SYSTEMPATH\View\View.php(201): CodeIgniter\Exceptions\FrameworkException::forInvalidFile('home.php')
 2 SYSTEMPATH\Common.php(1184): CodeIgniter\View\View->render('home', [], true)
 3 APPPATH\Controllers\Home.php(27): view('home', [...])
 4 SYSTEMPATH\CodeIgniter.php(934): App\Controllers\Home->index()
 5 SYSTEMPATH\CodeIgniter.php(499): CodeIgniter\CodeIgniter->runController(Object(App\Controllers\Home))
 6 SYSTEMPATH\CodeIgniter.php(368): CodeIgniter\CodeIgniter->handleRequest(null, Object(Config\Cache), false)
 7 FCPATH\index.php(67): CodeIgniter\CodeIgniter->run()
 8 SYSTEMPATH\Commands\Server\rewrite.php(47): require_once('C:\\xampp\\htdocs\\CodeIgniter4-4.3.5\\Kuza_Project\\public\\index.php')
CRITICAL - 2023-07-07 19:15:26 --> Invalid file: "home.php"
in SYSTEMPATH\Exceptions\FrameworkException.php on line 38.
 1 SYSTEMPATH\View\View.php(201): CodeIgniter\Exceptions\FrameworkException::forInvalidFile('home.php')
 2 SYSTEMPATH\Common.php(1184): CodeIgniter\View\View->render('home', [], true)
 3 APPPATH\Controllers\Home.php(27): view('home', [...])
 4 SYSTEMPATH\CodeIgniter.php(934): App\Controllers\Home->index()
 5 SYSTEMPATH\CodeIgniter.php(499): CodeIgniter\CodeIgniter->runController(Object(App\Controllers\Home))
 6 SYSTEMPATH\CodeIgniter.php(368): CodeIgniter\CodeIgniter->handleRequest(null, Object(Config\Cache), false)
 7 FCPATH\index.php(67): CodeIgniter\CodeIgniter->run()
 8 SYSTEMPATH\Commands\Server\rewrite.php(47): require_once('C:\\xampp\\htdocs\\CodeIgniter4-4.3.5\\Kuza_Project\\public\\index.php')
CRITICAL - 2023-07-07 19:15:38 --> Invalid file: "home.php"
in SYSTEMPATH\Exceptions\FrameworkException.php on line 38.
 1 SYSTEMPATH\View\View.php(201): CodeIgniter\Exceptions\FrameworkException::forInvalidFile('home.php')
 2 SYSTEMPATH\Common.php(1184): CodeIgniter\View\View->render('home', [], true)
 3 APPPATH\Controllers\Home.php(27): view('home', [...])
 4 SYSTEMPATH\CodeIgniter.php(934): App\Controllers\Home->index()
 5 SYSTEMPATH\CodeIgniter.php(499): CodeIgniter\CodeIgniter->runController(Object(App\Controllers\Home))
 6 SYSTEMPATH\CodeIgniter.php(368): CodeIgniter\CodeIgniter->handleRequest(null, Object(Config\Cache), false)
 7 FCPATH\index.php(67): CodeIgniter\CodeIgniter->run()
 8 SYSTEMPATH\Commands\Server\rewrite.php(47): require_once('C:\\xampp\\htdocs\\CodeIgniter4-4.3.5\\Kuza_Project\\public\\index.php')
CRITICAL - 2023-07-07 19:28:56 --> Class CodeIgniter\Database\MySQLi\Connection contains 11 abstract methods and must therefore be declared abstract or implement the remaining methods (CodeIgniter\Database\BaseConnection::_transBegin, CodeIgniter\Database\BaseConnection::_transCommit, CodeIgniter\Database\BaseConnection::_transRollback, ...)
in SYSTEMPATH\Database\MySQLi\Connection.php on line 28.
 1 [internal function]: CodeIgniter\Debug\Exceptions->shutdownHandler()
CRITICAL - 2023-07-07 19:35:48 --> Cannot redeclare CodeIgniter\Database\MySQLi\Connection::_close()
in SYSTEMPATH\Database\MySQLi\Connection.php on line 293.
 1 [internal function]: CodeIgniter\Debug\Exceptions->shutdownHandler()
CRITICAL - 2023-07-07 19:38:36 --> Declaration of CodeIgniter\Database\MySQLi\Connection::_transBegin() must be compatible with CodeIgniter\Database\BaseConnection::_transBegin(): bool
in SYSTEMPATH\Database\MySQLi\Connection.php on line 31.
 1 [internal function]: CodeIgniter\Debug\Exceptions->shutdownHandler()
CRITICAL - 2023-07-07 19:40:04 --> Declaration of CodeIgniter\Database\MySQLi\Connection::_transBegin() must be compatible with CodeIgniter\Database\BaseConnection::_transBegin(): bool
in SYSTEMPATH\Database\MySQLi\Connection.php on line 31.
 1 [internal function]: CodeIgniter\Debug\Exceptions->shutdownHandler()
CRITICAL - 2023-07-07 19:41:05 --> Declaration of CodeIgniter\Database\MySQLi\Connection::_transCommit() must be compatible with CodeIgniter\Database\BaseConnection::_transCommit(): bool
in SYSTEMPATH\Database\MySQLi\Connection.php on line 39.
 1 [internal function]: CodeIgniter\Debug\Exceptions->shutdownHandler()
CRITICAL - 2023-07-07 19:42:02 --> Declaration of CodeIgniter\Database\MySQLi\Connection::_transRollback() must be compatible with CodeIgniter\Database\BaseConnection::_transRollback(): bool
in SYSTEMPATH\Database\MySQLi\Connection.php on line 45.
 1 [internal function]: CodeIgniter\Debug\Exceptions->shutdownHandler()
CRITICAL - 2023-07-07 19:42:55 --> Class CodeIgniter\Database\MySQLi\Connection contains 8 abstract methods and must therefore be declared abstract or implement the remaining methods (CodeIgniter\Database\BaseConnection::affectedRows, CodeIgniter\Database\BaseConnection::error, CodeIgniter\Database\BaseConnection::insertID, ...)
in SYSTEMPATH\Database\MySQLi\Connection.php on line 29.
 1 [internal function]: CodeIgniter\Debug\Exceptions->shutdownHandler()
CRITICAL - 2023-07-07 19:47:23 --> Class CodeIgniter\Database\MySQLi\Connection contains 8 abstract methods and must therefore be declared abstract or implement the remaining methods (CodeIgniter\Database\BaseConnection::affectedRows, CodeIgniter\Database\BaseConnection::error, CodeIgniter\Database\BaseConnection::insertID, ...)
in SYSTEMPATH\Database\MySQLi\Connection.php on line 29.
 1 [internal function]: CodeIgniter\Debug\Exceptions->shutdownHandler()
INFO - 2023-07-07 20:16:51 --> Session: Class initialized using 'CodeIgniter\Session\Handlers\FileHandler' driver.
